<?xml version="1.0" encoding="UTF-8"?>
<testsuite xmlns:xsi="http://www.w3.org/2001/XMLSchema-instance" xsi:noNamespaceSchemaLocation="https://maven.apache.org/surefire/maven-surefire-plugin/xsd/surefire-test-report.xsd" version="3.0.2" name="com.AssignmentService.AssignmentService.AssignmentServiceApplicationTests" time="7.012" tests="1" errors="0" skipped="0" failures="0">
  <properties>
[...]
</properties>
  <testcase name="contextLoads" classname="com.AssignmentService.AssignmentService.AssignmentServiceApplicationTests" time="1.07">
    <system-out><![CDATA[Standard Commons Logging discovery in action with spring-jcl: please remove commons-logging.jar from classpath in order to avoid potential conflicts
12:30:33.493 [main] INFO org.springframework.test.context.support.AnnotationConfigContextLoaderUtils -- Could not detect default configuration classes for test class [com.AssignmentService.AssignmentService.AssignmentServiceApplicationTests]: AssignmentServiceApplicationTests does not declare any static, non-private, non-final, nested classes annotated with @Configuration.
12:30:33.637 [main] INFO org.springframework.boot.test.context.SpringBootTestContextBootstrapper -- Found @SpringBootConfiguration com.assignmentservice.assignmentservice.AssignmentServiceApplication for test class com.AssignmentService.AssignmentService.AssignmentServiceApplicationTests
12:30:34.000 [main] INFO org.springframework.boot.devtools.restart.RestartApplicationListener -- Restart disabled due to context in which it is running

  .   ____          _            __ _ _
 /\\ / ___'_ __ _ _(_)_ __  __ _ \ \ \ \
( ( )\___ | '_ | '_| | '_ \/ _` | \ \ \ \
 \\/  ___)| |_)| | | | | || (_| |  ) ) ) )
  '  |____| .__|_| |_|_| |_\__, | / / / /
 =========|_|==============|___/=/_/_/_/

 :: Spring Boot ::                (v3.4.5)

2025-05-27T12:30:34.425+05:30  INFO 7808 --- [AssignmentService] [           main] c.A.A.AssignmentServiceApplicationTests  : Starting AssignmentServiceApplicationTests using Java 17.0.12 with PID 7808 (started by Thila in L:\assignmentService)
2025-05-27T12:30:34.427+05:30  INFO 7808 --- [AssignmentService] [           main] c.A.A.AssignmentServiceApplicationTests  : No active profile set, falling back to 1 default profile: "default"
2025-05-27T12:30:35.701+05:30  INFO 7808 --- [AssignmentService] [           main] .s.d.r.c.RepositoryConfigurationDelegate : Bootstrapping Spring Data MongoDB repositories in DEFAULT mode.
2025-05-27T12:30:35.836+05:30  INFO 7808 --- [AssignmentService] [           main] .s.d.r.c.RepositoryConfigurationDelegate : Finished Spring Data repository scanning in 110 ms. Found 3 MongoDB repository interfaces.
2025-05-27T12:30:36.607+05:30  INFO 7808 --- [AssignmentService] [           main] org.mongodb.driver.client                : MongoClient with metadata {"application": {"name": "TechM"}, "driver": {"name": "mongo-java-driver|sync|spring-boot", "version": "5.2.1"}, "os": {"type": "Windows", "name": "Windows 11", "architecture": "amd64", "version": "10.0"}, "platform": "Java/Oracle Corporation/17.0.12+8-LTS-286"} created with settings MongoClientSettings{readPreference=primary, writeConcern=WriteConcern{w=majority, wTimeout=null ms, journal=null}, retryWrites=true, retryReads=true, readConcern=ReadConcern{level=null}, credential=MongoCredential{mechanism=null, userName='Tech-M', source='admin', password=<hidden>, mechanismProperties=<hidden>}, transportSettings=null, commandListeners=[], codecRegistry=ProvidersCodecRegistry{codecProviders=[ValueCodecProvider{}, BsonValueCodecProvider{}, DBRefCodecProvider{}, DBObjectCodecProvider{}, DocumentCodecProvider{}, CollectionCodecProvider{}, IterableCodecProvider{}, MapCodecProvider{}, GeoJsonCodecProvider{}, GridFSFileCodecProvider{}, Jsr310CodecProvider{}, JsonObjectCodecProvider{}, BsonCodecProvider{}, EnumCodecProvider{}, com.mongodb.client.model.mql.ExpressionCodecProvider@2291d9a0, com.mongodb.Jep395RecordCodecProvider@5e26f1ed, com.mongodb.KotlinCodecProvider@39666e42]}, loggerSettings=LoggerSettings{maxDocumentLength=1000}, clusterSettings={hosts=[127.0.0.1:27017], srvHost=techm.urvtukc.mongodb.net, srvServiceName=mongodb, mode=MULTIPLE, requiredClusterType=REPLICA_SET, requiredReplicaSetName='atlas-2npekg-shard-0', serverSelector='null', clusterListeners='[]', serverSelectionTimeout='30000 ms', localThreshold='15 ms'}, socketSettings=SocketSettings{connectTimeoutMS=10000, readTimeoutMS=0, receiveBufferSize=0, proxySettings=ProxySettings{host=null, port=null, username=null, password=null}}, heartbeatSocketSettings=SocketSettings{connectTimeoutMS=10000, readTimeoutMS=10000, receiveBufferSize=0, proxySettings=ProxySettings{host=null, port=null, username=null, password=null}}, connectionPoolSettings=ConnectionPoolSettings{maxSize=100, minSize=0, maxWaitTimeMS=120000, maxConnectionLifeTimeMS=0, maxConnectionIdleTimeMS=0, maintenanceInitialDelayMS=0, maintenanceFrequencyMS=60000, connectionPoolListeners=[], maxConnecting=2}, serverSettings=ServerSettings{heartbeatFrequencyMS=10000, minHeartbeatFrequencyMS=500, serverMonitoringMode=AUTO, serverListeners='[]', serverMonitorListeners='[]'}, sslSettings=SslSettings{enabled=true, invalidHostNameAllowed=false, context=null}, applicationName='TechM', compressorList=[], uuidRepresentation=JAVA_LEGACY, serverApi=null, autoEncryptionSettings=null, dnsClient=null, inetAddressResolver=null, contextProvider=null, timeoutMS=null}
2025-05-27T12:30:36.654+05:30  INFO 7808 --- [AssignmentService] [ukc.mongodb.net] org.mongodb.driver.cluster               : Adding discovered server ac-hqkgvkj-shard-00-01.urvtukc.mongodb.net:27017 to client view of cluster
2025-05-27T12:30:36.763+05:30  INFO 7808 --- [AssignmentService] [ukc.mongodb.net] org.mongodb.driver.cluster               : Adding discovered server ac-hqkgvkj-shard-00-00.urvtukc.mongodb.net:27017 to client view of cluster
2025-05-27T12:30:36.769+05:30  INFO 7808 --- [AssignmentService] [ukc.mongodb.net] org.mongodb.driver.cluster               : Adding discovered server ac-hqkgvkj-shard-00-02.urvtukc.mongodb.net:27017 to client view of cluster
2025-05-27T12:30:37.333+05:30  INFO 7808 --- [AssignmentService] [           main] org.mongodb.driver.cluster               : Waiting for server to become available for operation with ID 5. Remaining time: 29992 ms. Selector: WritableServerSelector, topology description: {type=REPLICA_SET, servers=[{address=ac-hqkgvkj-shard-00-01.urvtukc.mongodb.net:27017, type=UNKNOWN, state=CONNECTING}, {address=ac-hqkgvkj-shard-00-00.urvtukc.mongodb.net:27017, type=UNKNOWN, state=CONNECTING}, {address=ac-hqkgvkj-shard-00-02.urvtukc.mongodb.net:27017, type=UNKNOWN, state=CONNECTING}].
2025-05-27T12:30:37.703+05:30  INFO 7808 --- [AssignmentService] [ngodb.net:27017] org.mongodb.driver.cluster               : Monitor thread successfully connected to server with description ServerDescription{address=ac-hqkgvkj-shard-00-00.urvtukc.mongodb.net:27017, type=REPLICA_SET_SECONDARY, cryptd=false, state=CONNECTED, ok=true, minWireVersion=0, maxWireVersion=25, maxDocumentSize=16777216, logicalSessionTimeoutMinutes=30, roundTripTimeNanos=466677700, minRoundTripTimeNanos=0, setName='atlas-2npekg-shard-0', canonicalAddress=ac-hqkgvkj-shard-00-00.urvtukc.mongodb.net:27017, hosts=[ac-hqkgvkj-shard-00-02.urvtukc.mongodb.net:27017, ac-hqkgvkj-shard-00-00.urvtukc.mongodb.net:27017, ac-hqkgvkj-shard-00-01.urvtukc.mongodb.net:27017], passives=[], arbiters=[], primary='ac-hqkgvkj-shard-00-02.urvtukc.mongodb.net:27017', tagSet=TagSet{[Tag{name='availabilityZone', value='aps1-az1'}, Tag{name='diskState', value='READY'}, Tag{name='nodeType', value='ELECTABLE'}, Tag{name='provider', value='AWS'}, Tag{name='region', value='AP_SOUTH_1'}, Tag{name='workloadType', value='OPERATIONAL'}]}, electionId=null, setVersion=1, topologyVersion=TopologyVersion{processId=682dd2109ae8ea232b9f600d, counter=4}, lastWriteDate=Tue May 27 12:30:37 IST 2025, lastUpdateTimeNanos=234765809290100}
2025-05-27T12:30:37.703+05:30  INFO 7808 --- [AssignmentService] [ngodb.net:27017] org.mongodb.driver.cluster               : Monitor thread successfully connected to server with description ServerDescription{address=ac-hqkgvkj-shard-00-01.urvtukc.mongodb.net:27017, type=REPLICA_SET_SECONDARY, cryptd=false, state=CONNECTED, ok=true, minWireVersion=0, maxWireVersion=25, maxDocumentSize=16777216, logicalSessionTimeoutMinutes=30, roundTripTimeNanos=469594500, minRoundTripTimeNanos=0, setName='atlas-2npekg-shard-0', canonicalAddress=ac-hqkgvkj-shard-00-01.urvtukc.mongodb.net:27017, hosts=[ac-hqkgvkj-shard-00-02.urvtukc.mongodb.net:27017, ac-hqkgvkj-shard-00-00.urvtukc.mongodb.net:27017, ac-hqkgvkj-shard-00-01.urvtukc.mongodb.net:27017], passives=[], arbiters=[], primary='ac-hqkgvkj-shard-00-02.urvtukc.mongodb.net:27017', tagSet=TagSet{[Tag{name='availabilityZone', value='aps1-az3'}, Tag{name='diskState', value='READY'}, Tag{name='nodeType', value='ELECTABLE'}, Tag{name='provider', value='AWS'}, Tag{name='region', value='AP_SOUTH_1'}, Tag{name='workloadType', value='OPERATIONAL'}]}, electionId=null, setVersion=1, topologyVersion=TopologyVersion{processId=682dd7b600767f82b8f2d804, counter=3}, lastWriteDate=Tue May 27 12:30:37 IST 2025, lastUpdateTimeNanos=234765809017000}
2025-05-27T12:30:37.703+05:30  INFO 7808 --- [AssignmentService] [ngodb.net:27017] org.mongodb.driver.cluster               : Monitor thread successfully connected to server with description ServerDescription{address=ac-hqkgvkj-shard-00-02.urvtukc.mongodb.net:27017, type=REPLICA_SET_PRIMARY, cryptd=false, state=CONNECTED, ok=true, minWireVersion=0, maxWireVersion=25, maxDocumentSize=16777216, logicalSessionTimeoutMinutes=30, roundTripTimeNanos=469606800, minRoundTripTimeNanos=0, setName='atlas-2npekg-shard-0', canonicalAddress=ac-hqkgvkj-shard-00-02.urvtukc.mongodb.net:27017, hosts=[ac-hqkgvkj-shard-00-02.urvtukc.mongodb.net:27017, ac-hqkgvkj-shard-00-00.urvtukc.mongodb.net:27017, ac-hqkgvkj-shard-00-01.urvtukc.mongodb.net:27017], passives=[], arbiters=[], primary='ac-hqkgvkj-shard-00-02.urvtukc.mongodb.net:27017', tagSet=TagSet{[Tag{name='availabilityZone', value='aps1-az2'}, Tag{name='diskState', value='READY'}, Tag{name='nodeType', value='ELECTABLE'}, Tag{name='provider', value='AWS'}, Tag{name='region', value='AP_SOUTH_1'}, Tag{name='workloadType', value='OPERATIONAL'}]}, electionId=7fffffff0000000000000014, setVersion=1, topologyVersion=TopologyVersion{processId=682dd5279d4f863d87bea418, counter=6}, lastWriteDate=Tue May 27 12:30:37 IST 2025, lastUpdateTimeNanos=234765809017000}
2025-05-27T12:30:37.705+05:30  INFO 7808 --- [AssignmentService] [ngodb.net:27017] org.mongodb.driver.cluster               : Discovered replica set primary ac-hqkgvkj-shard-00-02.urvtukc.mongodb.net:27017 with max election id 7fffffff0000000000000014 and max set version 1
2025-05-27T12:30:39.235+05:30  INFO 7808 --- [AssignmentService] [           main] c.A.A.AssignmentServiceApplicationTests  : Started AssignmentServiceApplicationTests in 5.258 seconds (process running for 6.677)
]]></system-out>
  </testcase>
</testsuite>